<?xml version="1.0" encoding="UTF-8"?>
<testsuite xmlns:xsi="http://www.w3.org/2001/XMLSchema-instance" xsi:noNamespaceSchemaLocation="https://maven.apache.org/surefire/maven-surefire-plugin/xsd/surefire-test-report-3.0.xsd" version="3.0" name="com.example.server.DemoApplicationTests" time="8.171" tests="1" errors="0" skipped="0" failures="0">
  <properties>
[...]
</properties>
  <testcase name="contextLoads" classname="com.example.server.DemoApplicationTests" time="0.522">
    <system-out><![CDATA[18:17:35.904 [main] INFO org.springframework.test.context.support.AnnotationConfigContextLoaderUtils -- Could not detect default configuration classes for test class [com.example.server.DemoApplicationTests]: DemoApplicationTests does not declare any static, non-private, non-final, nested classes annotated with @Configuration.
18:17:36.038 [main] INFO org.springframework.boot.test.context.SpringBootTestContextBootstrapper -- Found @SpringBootConfiguration com.example.server.SpringMainApplication for test class com.example.server.DemoApplicationTests

  .   ____          _            __ _ _
 /\\ / ___'_ __ _ _(_)_ __  __ _ \ \ \ \
( ( )\___ | '_ | '_| | '_ \/ _` | \ \ \ \
 \\/  ___)| |_)| | | | | || (_| |  ) ) ) )
  '  |____| .__|_| |_|_| |_\__, | / / / /
 =========|_|==============|___/=/_/_/_/
 :: Spring Boot ::                (v3.1.0)

2023-10-31T18:17:36.529+05:30  INFO 16048 --- [           main] c.example.server.DemoApplicationTests    : Starting DemoApplicationTests using Java 17.0.1 with PID 16048 (started by Harshavardhan Reddy in C:\Users\Harshavardhan Reddy\OneDrive\Desktop\render 1\Movie Review Aggregator\server)
2023-10-31T18:17:36.531+05:30  INFO 16048 --- [           main] c.example.server.DemoApplicationTests    : No active profile set, falling back to 1 default profile: "default"
2023-10-31T18:17:37.568+05:30  INFO 16048 --- [           main] .s.d.r.c.RepositoryConfigurationDelegate : Multiple Spring Data modules found, entering strict repository configuration mode
2023-10-31T18:17:37.572+05:30  INFO 16048 --- [           main] .s.d.r.c.RepositoryConfigurationDelegate : Bootstrapping Spring Data JPA repositories in DEFAULT mode.
2023-10-31T18:17:37.805+05:30  INFO 16048 --- [           main] .s.d.r.c.RepositoryConfigurationDelegate : Finished Spring Data repository scanning in 220 ms. Found 7 JPA repository interfaces.
2023-10-31T18:17:37.820+05:30  INFO 16048 --- [           main] .s.d.r.c.RepositoryConfigurationDelegate : Multiple Spring Data modules found, entering strict repository configuration mode
2023-10-31T18:17:37.821+05:30  INFO 16048 --- [           main] .s.d.r.c.RepositoryConfigurationDelegate : Bootstrapping Spring Data Redis repositories in DEFAULT mode.
2023-10-31T18:17:37.837+05:30  INFO 16048 --- [           main] .RepositoryConfigurationExtensionSupport : Spring Data Redis - Could not safely identify store assignment for repository candidate interface com.example.server.models.AdminRepository; If you want this repository to be a Redis repository, consider annotating your entities with one of these annotations: org.springframework.data.redis.core.RedisHash (preferred), or consider extending one of the following types with your repository: org.springframework.data.keyvalue.repository.KeyValueRepository
2023-10-31T18:17:37.838+05:30  INFO 16048 --- [           main] .RepositoryConfigurationExtensionSupport : Spring Data Redis - Could not safely identify store assignment for repository candidate interface com.example.server.models.CastRepository; If you want this repository to be a Redis repository, consider annotating your entities with one of these annotations: org.springframework.data.redis.core.RedisHash (preferred), or consider extending one of the following types with your repository: org.springframework.data.keyvalue.repository.KeyValueRepository
2023-10-31T18:17:37.838+05:30  INFO 16048 --- [           main] .RepositoryConfigurationExtensionSupport : Spring Data Redis - Could not safely identify store assignment for repository candidate interface com.example.server.models.GenreRepository; If you want this repository to be a Redis repository, consider annotating your entities with one of these annotations: org.springframework.data.redis.core.RedisHash (preferred), or consider extending one of the following types with your repository: org.springframework.data.keyvalue.repository.KeyValueRepository
2023-10-31T18:17:37.838+05:30  INFO 16048 --- [           main] .RepositoryConfigurationExtensionSupport : Spring Data Redis - Could not safely identify store assignment for repository candidate interface com.example.server.models.MovieRepository; If you want this repository to be a Redis repository, consider annotating your entities with one of these annotations: org.springframework.data.redis.core.RedisHash (preferred), or consider extending one of the following types with your repository: org.springframework.data.keyvalue.repository.KeyValueRepository
2023-10-31T18:17:37.838+05:30  INFO 16048 --- [           main] .RepositoryConfigurationExtensionSupport : Spring Data Redis - Could not safely identify store assignment for repository candidate interface com.example.server.models.ReviewRepository; If you want this repository to be a Redis repository, consider annotating your entities with one of these annotations: org.springframework.data.redis.core.RedisHash (preferred), or consider extending one of the following types with your repository: org.springframework.data.keyvalue.repository.KeyValueRepository
2023-10-31T18:17:37.839+05:30  INFO 16048 --- [           main] .RepositoryConfigurationExtensionSupport : Spring Data Redis - Could not safely identify store assignment for repository candidate interface com.example.server.models.TrendingRepository; If you want this repository to be a Redis repository, consider annotating your entities with one of these annotations: org.springframework.data.redis.core.RedisHash (preferred), or consider extending one of the following types with your repository: org.springframework.data.keyvalue.repository.KeyValueRepository
2023-10-31T18:17:37.840+05:30  INFO 16048 --- [           main] .RepositoryConfigurationExtensionSupport : Spring Data Redis - Could not safely identify store assignment for repository candidate interface com.example.server.models.UserRepository; If you want this repository to be a Redis repository, consider annotating your entities with one of these annotations: org.springframework.data.redis.core.RedisHash (preferred), or consider extending one of the following types with your repository: org.springframework.data.keyvalue.repository.KeyValueRepository
2023-10-31T18:17:37.840+05:30  INFO 16048 --- [           main] .s.d.r.c.RepositoryConfigurationDelegate : Finished Spring Data repository scanning in 8 ms. Found 0 Redis repository interfaces.
2023-10-31T18:17:38.528+05:30  INFO 16048 --- [           main] o.hibernate.jpa.internal.util.LogHelper  : HHH000204: Processing PersistenceUnitInfo [name: default]
2023-10-31T18:17:38.603+05:30  INFO 16048 --- [           main] org.hibernate.Version                    : HHH000412: Hibernate ORM core version 6.2.2.Final
2023-10-31T18:17:38.606+05:30  INFO 16048 --- [           main] org.hibernate.cfg.Environment            : HHH000406: Using bytecode reflection optimizer
2023-10-31T18:17:38.831+05:30  INFO 16048 --- [           main] o.h.b.i.BytecodeProviderInitiator        : HHH000021: Bytecode provider name : bytebuddy
2023-10-31T18:17:38.995+05:30  INFO 16048 --- [           main] o.s.o.j.p.SpringPersistenceUnitInfo      : No LoadTimeWeaver setup: ignoring JPA class transformer
2023-10-31T18:17:39.016+05:30  INFO 16048 --- [           main] com.zaxxer.hikari.HikariDataSource       : HikariPool-1 - Starting...
2023-10-31T18:17:39.387+05:30  INFO 16048 --- [           main] com.zaxxer.hikari.pool.HikariPool        : HikariPool-1 - Added connection com.mysql.cj.jdbc.ConnectionImpl@6dcbbb49
2023-10-31T18:17:39.390+05:30  INFO 16048 --- [           main] com.zaxxer.hikari.HikariDataSource       : HikariPool-1 - Start completed.
2023-10-31T18:17:39.456+05:30  INFO 16048 --- [           main] org.hibernate.orm.dialect                : HHH035001: Using dialect: org.hibernate.dialect.MySQLDialect, version: 8.0.32
2023-10-31T18:17:39.807+05:30  INFO 16048 --- [           main] o.h.b.i.BytecodeProviderInitiator        : HHH000021: Bytecode provider name : bytebuddy
2023-10-31T18:17:40.651+05:30  INFO 16048 --- [           main] o.h.e.t.j.p.i.JtaPlatformInitiator       : HHH000490: Using JtaPlatform implementation: [org.hibernate.engine.transaction.jta.platform.internal.NoJtaPlatform]
2023-10-31T18:17:40.772+05:30  INFO 16048 --- [           main] j.LocalContainerEntityManagerFactoryBean : Initialized JPA EntityManagerFactory for persistence unit 'default'
2023-10-31T18:17:41.749+05:30  WARN 16048 --- [           main] JpaBaseConfiguration$JpaWebConfiguration : spring.jpa.open-in-view is enabled by default. Therefore, database queries may be performed during view rendering. Explicitly configure spring.jpa.open-in-view to disable this warning
2023-10-31T18:17:41.945+05:30  INFO 16048 --- [           main] o.s.d.j.r.query.QueryEnhancerFactory     : Hibernate is in classpath; If applicable, HQL parser will be used.
2023-10-31T18:17:42.878+05:30  INFO 16048 --- [           main] o.s.s.web.DefaultSecurityFilterChain     : Will secure any request with [org.springframework.security.web.session.DisableEncodeUrlFilter@6c96e1d5, org.springframework.security.web.session.ForceEagerSessionCreationFilter@58e9375b, org.springframework.security.web.context.request.async.WebAsyncManagerIntegrationFilter@d7d984c, org.springframework.security.web.context.SecurityContextHolderFilter@b7b5e7, org.springframework.security.web.header.HeaderWriterFilter@24c04958, org.springframework.web.filter.CorsFilter@53bc8c7e, org.springframework.security.web.authentication.logout.LogoutFilter@f48a79a, com.example.server.config.JwtAuthorizationFilter@8ff4795, org.springframework.security.web.session.ConcurrentSessionFilter@2db27b46, org.springframework.security.web.savedrequest.RequestCacheAwareFilter@7abe3d53, org.springframework.security.web.servletapi.SecurityContextHolderAwareRequestFilter@249f95a2, org.springframework.security.web.authentication.AnonymousAuthenticationFilter@19bdfa3e, org.springframework.security.web.session.SessionManagementFilter@52e296c0, org.springframework.security.web.access.ExceptionTranslationFilter@834944, org.springframework.security.web.access.intercept.AuthorizationFilter@4bcff08c]
2023-10-31T18:17:43.320+05:30  INFO 16048 --- [           main] c.example.server.DemoApplicationTests    : Started DemoApplicationTests in 7.101 seconds (process running for 8.211)
]]></system-out>
  </testcase>
</testsuite>